TN:
SF:src/models/nota.js
FN:2,Nota
FN:9,mediaFinal
FN:17,mediaCA
FNF:3
FNH:2
FNDA:6,Nota
FNDA:0,mediaFinal
FNDA:6,mediaCA
DA:1,1
DA:2,1
DA:3,6
DA:4,6
DA:5,6
DA:6,6
DA:7,6
DA:8,1
DA:9,1
DA:10,0
DA:11,0
DA:12,0
DA:13,0
DA:14,0
DA:15,0
DA:16,1
DA:17,1
DA:18,6
DA:19,0
DA:20,6
DA:21,1
DA:22,6
DA:23,1
DA:24,5
DA:25,1
DA:26,4
DA:27,1
DA:28,3
DA:29,1
DA:30,1
DA:31,1
DA:32,1
DA:33,6
DA:34,1
DA:35,1
DA:36,1
LF:36
LH:29
BRDA:2,0,0,6
BRDA:17,1,0,6
BRDA:18,2,0,0
BRDA:20,3,0,5
BRDA:20,4,0,1
BRDA:22,5,0,5
BRDA:22,6,0,4
BRDA:22,7,0,1
BRDA:24,8,0,4
BRDA:24,9,0,3
BRDA:24,10,0,1
BRDA:26,11,0,3
BRDA:26,12,0,2
BRDA:26,13,0,1
BRDA:28,14,0,2
BRDA:28,15,0,1
BRDA:28,16,0,1
BRF:17
BRH:16
end_of_record
